<?xml version="1.0" encoding="UTF-8"?>
<testng-results skipped="0" failed="0" ignored="0" total="2" passed="2">
  <reporter-output>
  </reporter-output>
  <suite name="Default suite" duration-ms="40" started-at="2018-03-16T18:01:33Z" finished-at="2018-03-16T18:01:33Z">
    <groups>
    </groups>
    <test name="Default test" duration-ms="40" started-at="2018-03-16T18:01:33Z" finished-at="2018-03-16T18:01:33Z">
      <class name="testNGGrID.testNGArID.ToursLoginLogoutTest">
        <test-method status="PASS" signature="loginTest()[pri:0, instance:testNGGrID.testNGArID.ToursLoginLogoutTest@26be92ad]" name="loginTest" duration-ms="9" started-at="2018-03-16T14:01:33Z" finished-at="2018-03-16T14:01:33Z">
          <reporter-output>
          </reporter-output>
        </test-method> <!-- loginTest -->
        <test-method status="PASS" signature="logoutTest()[pri:0, instance:testNGGrID.testNGArID.ToursLoginLogoutTest@26be92ad]" name="logoutTest" duration-ms="2" started-at="2018-03-16T14:01:33Z" finished-at="2018-03-16T14:01:33Z">
          <reporter-output>
          </reporter-output>
        </test-method> <!-- logoutTest -->
      </class> <!-- testNGGrID.testNGArID.ToursLoginLogoutTest -->
    </test> <!-- Default test -->
  </suite> <!-- Default suite -->
</testng-results>
