<?xml version="1.0" encoding="UTF-8"?>
<!-- Generated by org.testng.reporters.JUnitXMLReporter -->
<testsuite hostname="TOSHIBA" ignored="4" name="GRP-email" tests="4" failures="0" timestamp="12 Nov 2017 21:34:30 GMT" time="0.042" errors="0">
  <testcase name="emailRegPageTest1" time="0.01" classname="testNGGrID.testNGArID.RegPageTest"/>
  <testcase name="emailRegPageTest2" time="0.001" classname="testNGGrID.testNGArID.RegPageTest"/>
  <testcase name="emailRegPageTest3" time="0.001" classname="testNGGrID.testNGArID.RegPageTest"/>
  <testcase name="emailRegPageTest4" time="0.002" classname="testNGGrID.testNGArID.RegPageTest"/>
  <testcase name="phoneRegPageTest3" time="0.0" classname="testNGGrID.testNGArID.RegPageTest">
    <ignored/>
  </testcase> <!-- phoneRegPageTest3 -->
  <testcase name="phoneRegPageTest4" time="0.0" classname="testNGGrID.testNGArID.RegPageTest">
    <ignored/>
  </testcase> <!-- phoneRegPageTest4 -->
  <testcase name="phoneRegPageTest1" time="0.0" classname="testNGGrID.testNGArID.RegPageTest">
    <ignored/>
  </testcase> <!-- phoneRegPageTest1 -->
  <testcase name="phoneRegPageTest2" time="0.0" classname="testNGGrID.testNGArID.RegPageTest">
    <ignored/>
  </testcase> <!-- phoneRegPageTest2 -->
</testsuite> <!-- GRP-email -->
